<?xml version="1.0" encoding="UTF-8"?>
<testng-results skipped="0" failed="0" total="1" passed="1">
  <reporter-output>
  </reporter-output>
  <suite name="Suite" duration-ms="6693" started-at="2019-02-26T09:18:59Z" finished-at="2019-02-26T09:19:06Z">
    <groups>
    </groups>
    <test name="Test" duration-ms="6693" started-at="2019-02-26T09:18:59Z" finished-at="2019-02-26T09:19:06Z">
      <class name="JenkinsMavenGitHub.JenkinsMavenGitHubProj.JenkinsMavenGit">
        <test-method status="PASS" signature="jenkinsInteg()[pri:0, instance:JenkinsMavenGitHub.JenkinsMavenGitHubProj.JenkinsMavenGit@73f792cf]" name="jenkinsInteg" duration-ms="6682" started-at="2019-02-26T14:48:59Z" finished-at="2019-02-26T14:49:06Z">
          <reporter-output>
          </reporter-output>
        </test-method> <!-- jenkinsInteg -->
      </class> <!-- JenkinsMavenGitHub.JenkinsMavenGitHubProj.JenkinsMavenGit -->
    </test> <!-- Test -->
  </suite> <!-- Suite -->
</testng-results>
