<?xml version="1.0" encoding="UTF-8"?>
<testsuite xmlns:xsi="http://www.w3.org/2001/XMLSchema-instance" xsi:noNamespaceSchemaLocation="https://maven.apache.org/surefire/maven-surefire-plugin/xsd/surefire-test-report-3.0.xsd" version="3.0" name="TestSuite" time="16.132" tests="1" errors="0" skipped="0" failures="1">
  <properties>
[...]
</properties>
  <testcase name="jenkinsInteg" classname="JenkinsMavenGitHub.JenkinsMavenGitHubProj.JenkinsMavenGit" time="15.505">
    <failure message="Reached error page: about:neterror?e=dnsNotFound&amp;u=http%3A//inctest.apcgg.gov.in/&amp;c=UTF-8&amp;f=regular&amp;d=We%20can%E2%80%99t%20connect%20to%20the%20server%20at%20inctest.apcgg.gov.in.&#10;Build info: version: &apos;3.14.0&apos;, revision: &apos;aacccce0&apos;, time: &apos;2018-08-02T20:19:58.91Z&apos;&#10;System info: host: &apos;RASHEED-PC&apos;, ip: &apos;192.168.2.8&apos;, os.name: &apos;Windows 7&apos;, os.arch: &apos;amd64&apos;, os.version: &apos;6.1&apos;, java.version: &apos;1.8.0_181&apos;&#10;Driver info: org.openqa.selenium.firefox.FirefoxDriver&#10;Capabilities {acceptInsecureCerts: true, browserName: firefox, browserVersion: 65.0.1, javascriptEnabled: true, moz:accessibilityChecks: false, moz:geckodriverVersion: 0.24.0, moz:headless: false, moz:processID: 6152, moz:profile: C:\Users\Rasheed\AppData\Lo..., moz:shutdownTimeout: 60000, moz:useNonSpecCompliantPointerOrigin: false, moz:webdriverClick: true, pageLoadStrategy: normal, platform: WINDOWS, platformName: WINDOWS, platformVersion: 6.1, rotatable: false, setWindowRect: true, strictFileInteractability: false, timeouts: {implicit: 0, pageLoad: 300000, script: 30000}, unhandledPromptBehavior: dismiss and notify}&#10;Session ID: eacc66ea-751d-4e6a-a2d4-f8ec28ecd9e1" type="org.openqa.selenium.WebDriverException"><![CDATA[org.openqa.selenium.WebDriverException: 
Reached error page: about:neterror?e=dnsNotFound&u=http%3A//inctest.apcgg.gov.in/&c=UTF-8&f=regular&d=We%20can%E2%80%99t%20connect%20to%20the%20server%20at%20inctest.apcgg.gov.in.
Build info: version: '3.14.0', revision: 'aacccce0', time: '2018-08-02T20:19:58.91Z'
System info: host: 'RASHEED-PC', ip: '192.168.2.8', os.name: 'Windows 7', os.arch: 'amd64', os.version: '6.1', java.version: '1.8.0_181'
Driver info: org.openqa.selenium.firefox.FirefoxDriver
Capabilities {acceptInsecureCerts: true, browserName: firefox, browserVersion: 65.0.1, javascriptEnabled: true, moz:accessibilityChecks: false, moz:geckodriverVersion: 0.24.0, moz:headless: false, moz:processID: 6152, moz:profile: C:\Users\Rasheed\AppData\Lo..., moz:shutdownTimeout: 60000, moz:useNonSpecCompliantPointerOrigin: false, moz:webdriverClick: true, pageLoadStrategy: normal, platform: WINDOWS, platformName: WINDOWS, platformVersion: 6.1, rotatable: false, setWindowRect: true, strictFileInteractability: false, timeouts: {implicit: 0, pageLoad: 300000, script: 30000}, unhandledPromptBehavior: dismiss and notify}
Session ID: eacc66ea-751d-4e6a-a2d4-f8ec28ecd9e1
	at JenkinsMavenGitHub.JenkinsMavenGitHubProj.JenkinsMavenGit.jenkinsInteg(JenkinsMavenGit.java:50)
]]></failure>
    <system-out><![CDATA[my first commit
my second commit
my third commit
my fourth commit
my fifth commit
my sixth commit
my seventh commit
my 9th commit
my tenth commit
my 11th commit
my 12th commit
my 13th commit
my 14th commit
my 15th commit
my 16th commit
my 17th commit
my 18th commit
my 19th commigt
my 20th commit
my 21st commit
my 22nd commit
my 22nd commit
my 23nd commit
my 24th commit
my 25th commit
my 26th commit
my 27th commit
my 28th commit
my 29th commit
my 30th commit
my 31th commit
navigating to BRS URL
]]></system-out>
    <system-err><![CDATA[1551195898314	mozrunner::runner	INFO	Running command: "C:\\Program Files\\Mozilla Firefox\\firefox.exe" "-marionette" "-foreground" "-no-remote" "-profile" "C:\\Users\\Rasheed\\AppData\\Local\\Temp\\rust_mozprofile.1kttjIB6sfOK"
1551195898729	addons.webextension.screenshots@mozilla.org	WARN	Loading extension 'screenshots@mozilla.org': Reading manifest: Invalid host permission: resource://pdf.js/
1551195898729	addons.webextension.screenshots@mozilla.org	WARN	Loading extension 'screenshots@mozilla.org': Reading manifest: Invalid host permission: about:reader*
1551195902813	Marionette	INFO	Listening on port 49428
1551195903229	Marionette	WARN	TLS certificate errors will be ignored for this session
Feb 26, 2019 9:15:03 PM org.openqa.selenium.remote.ProtocolHandshake createSession
INFO: Detected dialect: W3C
]]></system-err>
  </testcase>
</testsuite>