<?xml version="1.0" encoding="UTF-8"?>
<testng-results skipped="0" failed="0" total="1" passed="1">
  <reporter-output>
  </reporter-output>
  <suite name="Default suite" duration-ms="33" started-at="2019-03-02T05:34:07Z" finished-at="2019-03-02T05:34:07Z">
    <groups>
    </groups>
    <test name="Default test" duration-ms="33" started-at="2019-03-02T05:34:07Z" finished-at="2019-03-02T05:34:07Z">
      <class name="rough.CollectionPrograms">
        <test-method status="PASS" signature="arryList()[pri:0, instance:rough.CollectionPrograms@50c87b21]" name="arryList" duration-ms="13" started-at="2019-03-02T11:04:07Z" finished-at="2019-03-02T11:04:07Z">
          <reporter-output>
          </reporter-output>
        </test-method> <!-- arryList -->
      </class> <!-- rough.CollectionPrograms -->
    </test> <!-- Default test -->
  </suite> <!-- Default suite -->
</testng-results>
