<?xml version="1.0" encoding="UTF-8"?>
<testng-results skipped="0" failed="0" total="2" passed="2">
  <reporter-output>
  </reporter-output>
  <suite name="Suite" duration-ms="15603" started-at="2019-03-02T05:37:53Z" finished-at="2019-03-02T05:38:08Z">
    <groups>
    </groups>
    <test name="Test" duration-ms="15603" started-at="2019-03-02T05:37:53Z" finished-at="2019-03-02T05:38:08Z">
      <class name="JenkinsMavenGitHub.JenkinsMavenGitHubProj.JenkinsMavenGit">
        <test-method status="PASS" signature="jenkinsInteg()[pri:0, instance:JenkinsMavenGitHub.JenkinsMavenGitHubProj.JenkinsMavenGit@6cc4c815]" name="jenkinsInteg" duration-ms="15577" started-at="2019-03-02T11:07:53Z" finished-at="2019-03-02T11:08:08Z">
          <reporter-output>
          </reporter-output>
        </test-method> <!-- jenkinsInteg -->
      </class> <!-- JenkinsMavenGitHub.JenkinsMavenGitHubProj.JenkinsMavenGit -->
      <class name="rough.CollectionPrograms">
        <test-method status="PASS" signature="arryList()[pri:0, instance:rough.CollectionPrograms@d2cc05a]" name="arryList" duration-ms="4" started-at="2019-03-02T11:08:08Z" finished-at="2019-03-02T11:08:08Z">
          <reporter-output>
          </reporter-output>
        </test-method> <!-- arryList -->
      </class> <!-- rough.CollectionPrograms -->
    </test> <!-- Test -->
  </suite> <!-- Suite -->
</testng-results>
